debug 2024/12/13 22:32:58 this is the ID: naruto-dub
debug 2024/12/13 22:32:58 Search Results: naruto-dub
debug 2024/12/13 22:33:38 this is the ID: naruto-dub
debug 2024/12/13 22:33:38 Search Results: [{n} {a} {r} {u} {t} {o} {-} {d} {u} {b}]
debug 2024/12/13 22:41:40 this is the ID: naruto-dub
debug 2024/12/13 22:41:40 Search Results: [{n} {a} {r} {u} {t} {o} {-} {d} {u} {b}]
debug 2024/12/13 22:42:21 this is the ID: naruto-dub
debug 2024/12/13 22:42:21 Search Results: [{n} {a} {r} {u} {t} {o} {-} {d} {u} {b}]
debug 2024/12/13 22:47:44 this is the ID: naruto-dub
debug 2024/12/13 22:47:44 Search Results: [{n} {a} {r} {u} {t} {o} {-} {d} {u} {b}]
debug 2024/12/13 22:48:28 this is the ID: naruto-dub
debug 2024/12/13 22:48:28 Search Results: [{n} {a} {r} {u} {t} {o} {-} {d} {u} {b}]
debug 2024/12/13 22:53:16 this is the ID: naruto-dub
debug 2024/12/13 22:53:16 Search Results: [{n} {a} {r} {u} {t} {o} {-} {d} {u} {b}]
debug 2024/12/13 22:53:58 this is the ID: naruto-dub
debug 2024/12/13 22:53:58 Search Results: [{n} {a} {r} {u} {t} {o} {-} {d} {u} {b}]
debug 2024/12/13 22:54:58 this is the ID: naruto-dub
debug 2024/12/13 22:54:58 Search Results: [{n} {a} {r} {u} {t} {o} {-} {d} {u} {b}]
debug 2024/12/13 22:55:50 this is the ID: naruto-dub
debug 2024/12/13 22:55:50 Search Results: [{n} {a} {r} {u} {t} {o} {-} {d} {u} {b}]
debug 2024/12/13 22:57:02 poo false
debug 2024/12/13 22:57:02 poo false
debug 2024/12/13 22:57:03 poo false
debug 2024/12/13 22:57:03 this is the ID: naruto-dub
debug 2024/12/13 22:57:03 Search Results: [{n} {a} {r} {u} {t} {o} {-} {d} {u} {b}]
debug 2024/12/13 22:57:03 poo false
debug 2024/12/13 22:58:04 poo false
debug 2024/12/13 22:58:04 poo false
debug 2024/12/13 22:58:06 poo false
debug 2024/12/13 22:58:06 poo false
debug 2024/12/13 22:58:07 poo false
debug 2024/12/13 22:58:07 this is the ID: naruto-dub
debug 2024/12/13 22:58:07 Search Results: [{n} {a} {r} {u} {t} {o} {-} {d} {u} {b}]
debug 2024/12/13 22:58:07 poo true
debug 2024/12/13 22:58:12 poo true
debug 2024/12/13 22:58:12 poo true
debug 2024/12/13 22:59:01 poo false
debug 2024/12/13 22:59:01 poo false
debug 2024/12/13 22:59:01 poo false
debug 2024/12/13 22:59:02 this is the ID: naruto-dub
debug 2024/12/13 22:59:02 Search Results: [{n} {a} {r} {u} {t} {o} {-} {d} {u} {b}]
debug 2024/12/13 22:59:02 poo true
debug 2024/12/13 22:59:31 poo true
debug 2024/12/13 22:59:31 poo true
debug 2024/12/13 22:59:33 poo true
debug 2024/12/13 22:59:33 poo true
debug 2024/12/13 22:59:34 poo true
debug 2024/12/13 22:59:34 this is the ID: naruto-dub
debug 2024/12/13 22:59:34 Search Results: [{n} {a} {r} {u} {t} {o} {-} {d} {u} {b}]
debug 2024/12/13 22:59:34 poo false
debug 2024/12/13 22:59:55 poo false
debug 2024/12/13 22:59:55 poo false
debug 2024/12/13 22:59:59 poo true
debug 2024/12/13 22:59:59 poo true
debug 2024/12/13 22:59:59 poo true
debug 2024/12/13 23:00:00 this is the ID: naruto-dub
debug 2024/12/13 23:00:00 Search Results: [{n} {a} {r} {u} {t} {o} {-} {d} {u} {b}]
debug 2024/12/13 23:00:00 poo false
debug 2024/12/13 23:00:03 poo false
debug 2024/12/13 23:00:03 poo false
debug 2024/12/13 23:00:03 poo false
debug 2024/12/13 23:00:03 poo false
debug 2024/12/13 23:00:03 poo false
debug 2024/12/13 23:00:04 poo false
debug 2024/12/13 23:00:04 poo false
debug 2024/12/13 23:00:04 poo false
debug 2024/12/13 23:00:04 poo false
debug 2024/12/13 23:00:04 poo false
debug 2024/12/13 23:00:05 poo false
debug 2024/12/13 23:00:05 poo false
debug 2024/12/13 23:00:05 poo false
debug 2024/12/13 23:00:05 poo false
debug 2024/12/13 23:00:05 poo false
debug 2024/12/13 23:00:05 poo false
debug 2024/12/13 23:00:06 poo false
debug 2024/12/13 23:00:06 poo false
debug 2024/12/13 23:00:06 poo false
debug 2024/12/13 23:00:06 poo false
debug 2024/12/13 23:00:06 poo false
debug 2024/12/13 23:00:07 poo false
debug 2024/12/13 23:00:07 poo false
debug 2024/12/13 23:00:07 poo false
debug 2024/12/13 23:00:07 poo false
debug 2024/12/13 23:00:07 poo false
debug 2024/12/13 23:00:07 poo false
debug 2024/12/13 23:00:07 poo false
debug 2024/12/13 23:00:07 poo false
debug 2024/12/13 23:00:07 poo false
debug 2024/12/13 23:00:07 poo false
debug 2024/12/13 23:00:07 poo false
debug 2024/12/13 23:00:08 poo false
debug 2024/12/13 23:00:08 poo false
debug 2024/12/13 23:00:08 poo false
debug 2024/12/13 23:00:08 poo false
debug 2024/12/13 23:00:08 poo false
debug 2024/12/13 23:00:08 poo false
debug 2024/12/13 23:00:08 poo false
debug 2024/12/13 23:00:08 poo false
debug 2024/12/13 23:00:08 poo false
debug 2024/12/13 23:00:09 poo false
debug 2024/12/13 23:00:09 poo false
debug 2024/12/13 23:00:09 poo false
debug 2024/12/13 23:00:09 poo false
debug 2024/12/13 23:00:09 poo false
debug 2024/12/13 23:00:09 poo false
debug 2024/12/13 23:00:09 poo false
debug 2024/12/13 23:00:10 poo false
debug 2024/12/13 23:00:10 poo false
debug 2024/12/13 23:00:10 poo false
debug 2024/12/13 23:00:10 poo false
debug 2024/12/13 23:00:10 poo false
debug 2024/12/13 23:00:10 poo false
debug 2024/12/13 23:00:10 poo false
debug 2024/12/13 23:00:11 poo false
debug 2024/12/13 23:00:11 poo false
debug 2024/12/13 23:00:11 poo false
debug 2024/12/13 23:00:11 poo false
debug 2024/12/13 23:00:11 poo false
debug 2024/12/13 23:00:11 poo false
debug 2024/12/13 23:00:11 poo false
debug 2024/12/13 23:00:12 poo false
debug 2024/12/13 23:00:12 poo false
debug 2024/12/13 23:00:12 poo false
debug 2024/12/13 23:00:12 poo false
debug 2024/12/13 23:00:12 poo false
debug 2024/12/13 23:00:12 poo false
debug 2024/12/13 23:00:12 poo false
debug 2024/12/13 23:00:12 poo false
debug 2024/12/13 23:01:40 poo false
debug 2024/12/13 23:01:40 poo false
debug 2024/12/13 23:01:41 poo false
debug 2024/12/13 23:01:41 poo false
debug 2024/12/13 23:01:41 poo false
debug 2024/12/13 23:01:41 poo false
debug 2024/12/13 23:01:41 poo false
debug 2024/12/13 23:01:41 poo false
debug 2024/12/13 23:01:42 poo false
debug 2024/12/13 23:01:42 poo false
debug 2024/12/13 23:01:42 poo false
debug 2024/12/13 23:01:42 poo false
debug 2024/12/13 23:01:42 poo false
debug 2024/12/13 23:01:42 poo false
debug 2024/12/13 23:01:42 poo false
debug 2024/12/13 23:01:42 poo false
debug 2024/12/13 23:01:43 poo false
debug 2024/12/13 23:01:43 poo false
debug 2024/12/13 23:01:43 poo false
debug 2024/12/13 23:01:43 poo false
debug 2024/12/13 23:01:43 poo false
debug 2024/12/13 23:01:44 poo false
debug 2024/12/13 23:01:44 poo false
debug 2024/12/13 23:01:48 poo true
debug 2024/12/13 23:01:48 poo true
debug 2024/12/13 23:01:48 poo true
debug 2024/12/13 23:01:48 this is the ID: naruto-dub
debug 2024/12/13 23:01:48 Search Results: [{n} {a} {r} {u} {t} {o} {-} {d} {u} {b}]
debug 2024/12/13 23:01:48 poo false
debug 2024/12/13 23:01:50 poo false
debug 2024/12/13 23:01:50 poo false
debug 2024/12/13 23:01:50 poo false
debug 2024/12/13 23:01:50 poo false
debug 2024/12/13 23:01:50 poo false
debug 2024/12/13 23:01:51 poo false
debug 2024/12/13 23:01:51 poo false
debug 2024/12/13 23:01:51 poo false
debug 2024/12/13 23:01:51 poo false
debug 2024/12/13 23:01:51 poo false
debug 2024/12/13 23:01:51 poo false
debug 2024/12/13 23:01:51 poo false
debug 2024/12/13 23:01:52 poo false
debug 2024/12/13 23:01:52 poo false
debug 2024/12/13 23:01:52 poo false
debug 2024/12/13 23:01:52 poo false
debug 2024/12/13 23:01:52 poo false
debug 2024/12/13 23:01:52 poo false
debug 2024/12/13 23:01:52 poo false
debug 2024/12/13 23:01:52 poo false
debug 2024/12/13 23:01:52 poo false
debug 2024/12/13 23:01:52 poo false
debug 2024/12/13 23:01:53 poo false
debug 2024/12/13 23:01:53 poo false
debug 2024/12/13 23:01:53 poo false
debug 2024/12/13 23:01:53 poo false
debug 2024/12/13 23:01:53 poo false
debug 2024/12/13 23:01:53 poo false
debug 2024/12/13 23:01:53 poo false
debug 2024/12/13 23:01:53 poo false
debug 2024/12/13 23:01:53 poo false
debug 2024/12/13 23:01:54 poo false
debug 2024/12/13 23:01:54 poo false
debug 2024/12/13 23:01:54 poo false
debug 2024/12/13 23:01:54 poo false
debug 2024/12/13 23:01:54 poo false
debug 2024/12/13 23:01:54 poo false
debug 2024/12/13 23:01:54 poo false
debug 2024/12/13 23:01:55 poo false
debug 2024/12/13 23:01:55 poo false
debug 2024/12/13 23:01:55 poo false
debug 2024/12/13 23:01:55 poo false
debug 2024/12/13 23:01:55 poo false
debug 2024/12/13 23:01:55 poo false
debug 2024/12/13 23:01:55 poo false
debug 2024/12/13 23:01:56 poo false
debug 2024/12/13 23:01:56 poo false
debug 2024/12/13 23:01:56 poo false
debug 2024/12/13 23:01:56 poo false
debug 2024/12/13 23:01:56 poo false
debug 2024/12/13 23:01:56 poo false
debug 2024/12/13 23:01:56 poo false
debug 2024/12/13 23:06:13 poo false
debug 2024/12/13 23:06:13 poo false
debug 2024/12/13 23:06:17 poo true
debug 2024/12/13 23:06:17 poo true
debug 2024/12/13 23:06:17 poo true
debug 2024/12/13 23:06:18 this is the ID: [naruto naruto-dub naruto-shippuden naruto-shippuuden-dub boruto-naruto-the-movie naruto-shippuuden-movie-1 boruto-naruto-the-movie-dub boruto-naruto-next-generations naruto-shippuuden-movie-1-dub naruto-shippuden-movie-5-special the-last-naruto-the-movie-dub naruto-shippuuden-movie-2-kizuna naruto-shippuuden-movie-7-the-last naruto-shippuuden-sunny-side-battle boruto-naruto-next-generations-dub naruto-shippuuden-movie-5-blood-prison naruto-shippuuden-movie-6-road-to-ninja naruto-shippuuden-movie-4-the-lost-tower naruto-shippuuden-movie-2-kizuna-dub naruto-akaki-yotsuba-no-clover-wo-sagase]
debug 2024/12/13 23:06:18 Search Results: [{naruto} {naruto-dub} {naruto-shippuden} {naruto-shippuuden-dub} {boruto-naruto-the-movie} {naruto-shippuuden-movie-1} {boruto-naruto-the-movie-dub} {boruto-naruto-next-generations} {naruto-shippuuden-movie-1-dub} {naruto-shippuden-movie-5-special} {the-last-naruto-the-movie-dub} {naruto-shippuuden-movie-2-kizuna} {naruto-shippuuden-movie-7-the-last} {naruto-shippuuden-sunny-side-battle} {boruto-naruto-next-generations-dub} {naruto-shippuuden-movie-5-blood-prison} {naruto-shippuuden-movie-6-road-to-ninja} {naruto-shippuuden-movie-4-the-lost-tower} {naruto-shippuuden-movie-2-kizuna-dub} {naruto-akaki-yotsuba-no-clover-wo-sagase}]
debug 2024/12/13 23:06:18 poo false
debug 2024/12/13 23:06:19 poo false
debug 2024/12/13 23:06:19 poo false
debug 2024/12/13 23:06:19 poo false
debug 2024/12/13 23:06:20 poo false
debug 2024/12/13 23:06:20 poo false
debug 2024/12/13 23:06:20 poo false
debug 2024/12/13 23:06:20 poo false
debug 2024/12/13 23:06:20 poo false
debug 2024/12/13 23:06:20 poo false
debug 2024/12/13 23:06:20 poo false
debug 2024/12/13 23:06:20 poo false
debug 2024/12/13 23:06:20 poo false
debug 2024/12/13 23:06:20 poo false
debug 2024/12/13 23:06:20 poo false
debug 2024/12/13 23:06:20 poo false
debug 2024/12/13 23:06:21 poo false
debug 2024/12/13 23:06:21 poo false
debug 2024/12/13 23:06:21 poo false
debug 2024/12/13 23:06:21 poo false
debug 2024/12/13 23:06:22 poo false
debug 2024/12/13 23:06:22 poo false
debug 2024/12/13 23:06:23 poo false
debug 2024/12/13 23:06:23 poo false
debug 2024/12/13 23:06:24 poo false
debug 2024/12/13 23:06:24 poo false
debug 2024/12/13 23:06:24 poo false
debug 2024/12/13 23:06:24 poo false
debug 2024/12/13 23:06:25 poo false
debug 2024/12/13 23:06:25 poo false
debug 2024/12/13 23:06:25 poo false
debug 2024/12/13 23:06:26 poo false
debug 2024/12/13 23:06:26 poo false
debug 2024/12/13 23:06:26 poo false
debug 2024/12/13 23:06:26 poo false
debug 2024/12/13 23:06:26 poo false
debug 2024/12/13 23:06:26 poo false
debug 2024/12/13 23:06:27 poo false
debug 2024/12/13 23:06:27 poo false
debug 2024/12/13 23:06:27 poo false
debug 2024/12/13 23:06:27 poo false
debug 2024/12/13 23:06:27 poo false
debug 2024/12/13 23:06:28 poo false
debug 2024/12/13 23:06:28 poo false
debug 2024/12/13 23:06:28 poo false
debug 2024/12/13 23:06:29 poo false
debug 2024/12/13 23:06:29 poo false
debug 2024/12/13 23:06:29 poo false
debug 2024/12/13 23:06:29 poo false
debug 2024/12/13 23:06:30 poo false
debug 2024/12/13 23:06:30 poo false
debug 2024/12/13 23:06:30 poo false
debug 2024/12/13 23:06:30 poo false
debug 2024/12/13 23:06:30 poo false
debug 2024/12/13 23:06:31 poo false
debug 2024/12/13 23:06:31 poo false
debug 2024/12/13 23:06:31 poo false
debug 2024/12/13 23:06:32 poo false
debug 2024/12/13 23:06:32 poo false
debug 2024/12/13 23:06:32 poo false
debug 2024/12/13 23:06:32 poo false
debug 2024/12/13 23:06:32 poo false
debug 2024/12/13 23:06:32 poo false
debug 2024/12/13 23:06:32 poo false
debug 2024/12/13 23:06:32 poo false
debug 2024/12/13 23:06:32 poo false
debug 2024/12/13 23:06:32 poo false
debug 2024/12/13 23:06:32 poo false
debug 2024/12/13 23:06:32 poo false
debug 2024/12/13 23:06:33 poo false
debug 2024/12/13 23:06:33 poo false
debug 2024/12/13 23:06:33 poo false
debug 2024/12/13 23:06:33 poo false
debug 2024/12/13 23:06:33 poo false
debug 2024/12/13 23:06:33 poo false
debug 2024/12/13 23:06:33 poo false
debug 2024/12/13 23:06:33 poo false
debug 2024/12/13 23:06:33 poo false
debug 2024/12/13 23:06:33 poo false
debug 2024/12/13 23:06:33 poo false
debug 2024/12/13 23:06:33 poo false
debug 2024/12/13 23:06:34 poo false
debug 2024/12/13 23:06:34 poo false
debug 2024/12/13 23:06:34 poo false
debug 2024/12/13 23:06:34 poo false
debug 2024/12/13 23:06:34 poo false
debug 2024/12/13 23:06:34 poo false
debug 2024/12/13 23:06:35 poo false
debug 2024/12/13 23:06:35 poo false
debug 2024/12/13 23:06:35 poo false
debug 2024/12/13 23:06:35 poo false
debug 2024/12/13 23:06:35 poo false
debug 2024/12/13 23:06:35 poo false
debug 2024/12/13 23:06:36 poo false
debug 2024/12/13 23:06:36 poo false
debug 2024/12/13 23:06:36 poo false
debug 2024/12/13 23:06:37 poo false
debug 2024/12/13 23:06:37 poo false
debug 2024/12/13 23:06:37 poo false
debug 2024/12/13 23:06:38 poo false
debug 2024/12/13 23:06:38 poo false
debug 2024/12/13 23:06:38 poo false
debug 2024/12/13 23:06:39 poo false
debug 2024/12/13 23:06:39 poo false
debug 2024/12/13 23:06:39 poo false
debug 2024/12/13 23:06:40 poo false
debug 2024/12/13 23:06:40 poo false
debug 2024/12/13 23:06:40 poo false
debug 2024/12/13 23:06:40 poo false
debug 2024/12/13 23:06:40 poo false
debug 2024/12/13 23:06:40 poo false
debug 2024/12/13 23:06:40 poo false
debug 2024/12/13 23:06:40 poo false
debug 2024/12/13 23:06:41 poo false
debug 2024/12/13 23:06:42 poo false
debug 2024/12/13 23:06:42 poo false
debug 2024/12/13 23:06:42 poo false
debug 2024/12/13 23:06:42 poo false
debug 2024/12/13 23:06:42 poo false
debug 2024/12/13 23:06:42 poo false
debug 2024/12/13 23:06:42 poo false
debug 2024/12/13 23:06:42 poo false
debug 2024/12/13 23:06:42 poo false
debug 2024/12/13 23:06:42 poo false
debug 2024/12/13 23:06:43 poo false
debug 2024/12/13 23:06:43 poo false
debug 2024/12/13 23:06:43 poo false
debug 2024/12/13 23:06:43 poo false
debug 2024/12/13 23:06:43 poo false
debug 2024/12/13 23:06:43 poo false
debug 2024/12/13 23:06:43 poo false
debug 2024/12/13 23:06:43 poo false
debug 2024/12/13 23:06:43 poo false
debug 2024/12/13 23:06:43 poo false
debug 2024/12/13 23:06:43 poo false
debug 2024/12/13 23:06:43 poo false
debug 2024/12/13 23:06:44 poo false
debug 2024/12/13 23:06:44 poo false
debug 2024/12/13 23:06:44 poo false
debug 2024/12/13 23:06:44 poo false
debug 2024/12/13 23:06:44 poo false
debug 2024/12/13 23:06:45 poo false
debug 2024/12/13 23:06:45 poo false
debug 2024/12/13 23:06:45 poo false
debug 2024/12/13 23:06:45 poo false
debug 2024/12/13 23:06:45 poo false
debug 2024/12/13 23:06:45 poo false
debug 2024/12/13 23:06:46 poo false
debug 2024/12/13 23:06:48 poo false
debug 2024/12/13 23:06:49 poo false
debug 2024/12/13 23:06:49 poo false
debug 2024/12/13 23:06:49 poo false
debug 2024/12/13 23:06:50 poo false
debug 2024/12/13 23:06:50 poo false
debug 2024/12/13 23:06:50 poo false
debug 2024/12/13 23:06:50 poo false
debug 2024/12/13 23:06:50 poo false
debug 2024/12/13 23:06:50 poo false
debug 2024/12/13 23:06:50 poo false
debug 2024/12/13 23:06:50 poo false
debug 2024/12/13 23:06:51 poo false
debug 2024/12/13 23:06:51 poo false
debug 2024/12/13 23:06:51 poo false
debug 2024/12/13 23:06:51 poo false
debug 2024/12/13 23:06:51 poo false
debug 2024/12/13 23:06:51 poo false
debug 2024/12/13 23:06:51 poo false
debug 2024/12/13 23:06:51 poo false
debug 2024/12/13 23:06:52 poo false
debug 2024/12/13 23:06:52 poo false
debug 2024/12/13 23:06:52 poo false
debug 2024/12/13 23:06:52 poo false
debug 2024/12/13 23:06:52 poo false
debug 2024/12/13 23:06:52 poo false
debug 2024/12/13 23:06:52 poo false
debug 2024/12/13 23:06:53 poo false
debug 2024/12/13 23:06:53 poo false
debug 2024/12/13 23:06:53 poo false
debug 2024/12/13 23:06:53 poo false
debug 2024/12/13 23:06:53 poo false
debug 2024/12/13 23:06:53 poo false
debug 2024/12/13 23:06:54 poo false
debug 2024/12/13 23:06:54 poo false
debug 2024/12/13 23:06:54 poo false
debug 2024/12/13 23:06:54 poo false
debug 2024/12/13 23:06:54 poo false
debug 2024/12/13 23:06:54 poo false
debug 2024/12/13 23:06:54 poo false
debug 2024/12/13 23:06:54 poo false
debug 2024/12/13 23:06:54 poo false
debug 2024/12/13 23:06:54 poo false
debug 2024/12/13 23:06:54 poo false
debug 2024/12/13 23:06:55 poo false
debug 2024/12/13 23:06:55 poo false
debug 2024/12/13 23:06:55 poo false
debug 2024/12/13 23:06:55 poo false
debug 2024/12/13 23:06:56 poo false
debug 2024/12/13 23:06:56 poo false
debug 2024/12/13 23:06:56 poo false
debug 2024/12/13 23:06:56 poo false
debug 2024/12/13 23:06:56 poo false
debug 2024/12/13 23:06:56 poo false
debug 2024/12/13 23:06:56 poo false
debug 2024/12/13 23:06:57 poo false
debug 2024/12/13 23:06:57 poo false
debug 2024/12/13 23:06:57 poo false
debug 2024/12/13 23:06:57 poo false
debug 2024/12/13 23:06:57 poo false
debug 2024/12/13 23:06:58 poo false
debug 2024/12/13 23:06:58 poo false
debug 2024/12/13 23:06:58 poo false
debug 2024/12/13 23:06:58 poo false
debug 2024/12/13 23:06:59 poo false
debug 2024/12/13 23:06:59 poo false
debug 2024/12/13 23:06:59 poo false
debug 2024/12/13 23:06:59 poo false
debug 2024/12/13 23:07:00 poo false
debug 2024/12/13 23:07:00 poo false
debug 2024/12/13 23:07:00 poo false
debug 2024/12/13 23:07:00 poo false
debug 2024/12/13 23:07:01 poo false
debug 2024/12/13 23:07:01 poo false
debug 2024/12/13 23:07:01 poo false
debug 2024/12/13 23:07:01 poo false
debug 2024/12/13 23:07:01 poo false
